Started GET "/" for 127.0.0.1 at 2017-12-04 19:30:00 +0300
  
SyntaxError (C:/lab8/lab8/app/controllers/armstrong_controller.rb:25: syntax error, unexpected end-of-input, expecting keyword_end):
  
app/controllers/armstrong_controller.rb:25: syntax error, unexpected end-of-input, expecting keyword_end
Started GET "/" for 127.0.0.1 at 2017-12-04 19:30:32 +0300
Processing by ArmstrongController#input as HTML
  Rendering armstrong/input.html.erb
  Rendered armstrong/input.html.erb (12.0ms)
Completed 500 Internal Server Error in 263ms


  
ActionView::Template::Error (No route matches {:action=>"output", :controller=>"Armstrong"}):
    1: <%= form_tag url_for(controller: 'Armstrong', action: 'output'), method:'get' do %>
    2: 
    3: 	<%= label_tag :text, 'Введите количество цифр в числах Армстронга:' %>
    4: 	<br>
  
app/views/armstrong/input.html.erb:1:in `_app_views_armstrong_input_html_erb__144851403_34383264'
Started GET "/" for 127.0.0.1 at 2017-12-04 19:31:35 +0300
  
SyntaxError (C:/lab8/lab8/config/routes.rb:8: syntax error, unexpected tIDENTIFIER, expecting keyword_end
  get 'armstrong/output' root to: 'armstrong#output'
                             ^):
  
config/routes.rb:8: syntax error, unexpected tIDENTIFIER, expecting keyword_end
Started GET "/" for 127.0.0.1 at 2017-12-04 19:32:15 +0300
Processing by ArmstrongController#input as HTML
  Rendering armstrong/input.html.erb
  Rendered armstrong/input.html.erb (1.0ms)
Completed 200 OK in 48ms (Views: 37.7ms)


Started GET "/armstrong/output?utf8=%E2%9C%93&input_string=2&commit=Go%21" for 127.0.0.1 at 2017-12-04 19:32:17 +0300
Processing by ArmstrongController#output as HTML
  Parameters: {"utf8"=>"✓", "input_string"=>"2", "commit"=>"Go!"}
  Rendering armstrong/output.html.erb
  Rendered armstrong/output.html.erb (98.0ms)
Completed 500 Internal Server Error in 145ms


  
ActionView::Template::Error (undefined method `Armstrong_input_path' for #<#<Class:0x5727378>:0x567d2c0>
Did you mean?  armstrong_input_path
               armstrong_input_url
               armstrong_output_path):
    22:   </table>
    23: </p>
    24: 
    25: <%= link_to "Repeat input", :Armstrong_input %>
  
app/views/armstrong/output.html.erb:25:in `_app_views_armstrong_output_html_erb__800715293_45346356'
Started GET "/armstrong/output?utf8=%E2%9C%93&input_string=2&commit=Go%21" for 127.0.0.1 at 2017-12-04 19:32:41 +0300
Processing by ArmstrongController#output as HTML
  Parameters: {"utf8"=>"✓", "input_string"=>"2", "commit"=>"Go!"}
  Rendering armstrong/output.html.erb
  Rendered armstrong/output.html.erb (1.0ms)
Completed 200 OK in 47ms (Views: 35.4ms)


Started GET "/" for 127.0.0.1 at 2017-12-04 19:32:46 +0300
Processing by ArmstrongController#input as HTML
  Rendering armstrong/input.html.erb
  Rendered armstrong/input.html.erb (2.0ms)
Completed 200 OK in 49ms (Views: 39.4ms)


Started GET "/armstrong/output?utf8=%E2%9C%93&input_string=3&commit=Go%21" for 127.0.0.1 at 2017-12-04 19:32:48 +0300
Processing by ArmstrongController#output as HTML
  Parameters: {"utf8"=>"✓", "input_string"=>"3", "commit"=>"Go!"}
  Rendering armstrong/output.html.erb
  Rendered armstrong/output.html.erb (0.0ms)
Completed 200 OK in 51ms (Views: 36.2ms)


Started GET "/armstrong/output?utf8=%E2%9C%93&input_string=3&commit=Go%21" for 127.0.0.1 at 2017-12-04 19:34:31 +0300
Processing by ArmstrongController#output as HTML
  Parameters: {"utf8"=>"✓", "input_string"=>"3", "commit"=>"Go!"}
  Rendering armstrong/output.html.erb
  Rendered armstrong/output.html.erb (0.0ms)
Completed 200 OK in 52ms (Views: 36.5ms)


Started GET "/" for 127.0.0.1 at 2017-12-04 19:34:44 +0300
Processing by ArmstrongController#input as HTML
  Rendering armstrong/input.html.erb
  Rendered armstrong/input.html.erb (1.0ms)
Completed 200 OK in 47ms (Views: 36.0ms)


Started GET "/armstrong/output?utf8=%E2%9C%93&input_string=2&commit=Go%21" for 127.0.0.1 at 2017-12-04 19:34:46 +0300
Processing by ArmstrongController#output as HTML
  Parameters: {"utf8"=>"✓", "input_string"=>"2", "commit"=>"Go!"}
  Rendering armstrong/output.html.erb
  Rendered armstrong/output.html.erb (0.0ms)
Completed 200 OK in 46ms (Views: 36.8ms)


Started GET "/armstrong/input" for 127.0.0.1 at 2017-12-04 19:34:49 +0300
Processing by ArmstrongController#input as HTML
  Rendering armstrong/input.html.erb
  Rendered armstrong/input.html.erb (1.0ms)
Completed 200 OK in 49ms (Views: 38.4ms)


Started GET "/armstrong/input" for 127.0.0.1 at 2017-12-04 19:38:38 +0300
Processing by ArmstrongController#input as HTML
  Rendering armstrong/input.html.erb
  Rendered armstrong/input.html.erb (1.0ms)
Completed 200 OK in 57ms (Views: 37.8ms)


Started GET "/armstrong/output?utf8=%E2%9C%93&input_string=3&commit=Go%21" for 127.0.0.1 at 2017-12-04 19:38:41 +0300
Processing by ArmstrongController#output as HTML
  Parameters: {"utf8"=>"✓", "input_string"=>"3", "commit"=>"Go!"}
  Rendering armstrong/output.html.erb
  Rendered armstrong/output.html.erb (1.0ms)
Completed 200 OK in 53ms (Views: 35.9ms)


Started GET "/armstrong/output?utf8=%E2%9C%93&input_string=2&commit=Go%21" for 127.0.0.1 at 2017-12-04 19:38:46 +0300
Processing by ArmstrongController#output as HTML
  Parameters: {"utf8"=>"✓", "input_string"=>"2", "commit"=>"Go!"}
  Rendering armstrong/output.html.erb
  Rendered armstrong/output.html.erb (0.0ms)
Completed 200 OK in 47ms (Views: 35.8ms)


Started GET "/armstrong/output?utf8=%E2%9C%93&input_string=2&commit=Go%21" for 127.0.0.1 at 2017-12-04 19:39:18 +0300
Processing by ArmstrongController#output as HTML
  Parameters: {"utf8"=>"✓", "input_string"=>"2", "commit"=>"Go!"}
  Rendering armstrong/output.html.erb
  Rendered armstrong/output.html.erb (1.0ms)
Completed 200 OK in 49ms (Views: 36.9ms)


Started GET "/armstrong/output?utf8=%E2%9C%93&input_string=2&commit=Go%21" for 127.0.0.1 at 2017-12-04 19:43:21 +0300
Processing by ArmstrongController#output as HTML
  Parameters: {"utf8"=>"✓", "input_string"=>"2", "commit"=>"Go!"}
  Rendering armstrong/output.html.erb
  Rendered armstrong/output.html.erb (1.0ms)
Completed 200 OK in 47ms (Views: 35.8ms)


Started GET "/armstrong/output?utf8=%E2%9C%93&input_string=2&commit=Go%21" for 127.0.0.1 at 2017-12-04 19:43:42 +0300
Processing by ArmstrongController#output as HTML
  Parameters: {"utf8"=>"✓", "input_string"=>"2", "commit"=>"Go!"}
  Rendering armstrong/output.html.erb
  Rendered armstrong/output.html.erb (0.0ms)
Completed 200 OK in 46ms (Views: 35.7ms)


Started GET "/armstrong/output?utf8=%E2%9C%93&input_string=2&commit=Go%21" for 127.0.0.1 at 2017-12-04 19:44:16 +0300
Processing by ArmstrongController#output as HTML
  Parameters: {"utf8"=>"✓", "input_string"=>"2", "commit"=>"Go!"}
  Rendering armstrong/output.html.erb
  Rendered armstrong/output.html.erb (1.0ms)
Completed 200 OK in 49ms (Views: 37.4ms)


Started GET "/armstrong/input" for 127.0.0.1 at 2017-12-04 19:44:18 +0300
Processing by ArmstrongController#input as HTML
  Rendering armstrong/input.html.erb
  Rendered armstrong/input.html.erb (2.0ms)
Completed 200 OK in 49ms (Views: 38.4ms)


Started GET "/armstrong/output?utf8=%E2%9C%93&input_string=bdfsg&commit=Go%21" for 127.0.0.1 at 2017-12-04 19:44:21 +0300
Processing by ArmstrongController#output as HTML
  Parameters: {"utf8"=>"✓", "input_string"=>"bdfsg", "commit"=>"Go!"}
  Rendering armstrong/output.html.erb
  Rendered armstrong/output.html.erb (1.0ms)
Completed 200 OK in 46ms (Views: 36.5ms)


Started GET "/armstrong/output?utf8=%E2%9C%93&input_string=4+3+5&commit=Go%21" for 127.0.0.1 at 2017-12-04 19:44:25 +0300
Processing by ArmstrongController#output as HTML
  Parameters: {"utf8"=>"✓", "input_string"=>"4 3 5", "commit"=>"Go!"}
  Rendering armstrong/output.html.erb
  Rendered armstrong/output.html.erb (1.0ms)
Completed 200 OK in 108ms (Views: 35.8ms)


Started GET "/" for 127.0.0.1 at 2017-12-05 09:00:58 +0300
Processing by ArmstrongController#input as HTML
  Rendering armstrong/input.html.erb
  Rendered armstrong/input.html.erb (0.0ms)
Completed 200 OK in 92ms (Views: 59.0ms)


Started GET "/armstrong/output?utf8=%E2%9C%93&input_string=8&commit=Go%21" for 127.0.0.1 at 2017-12-05 09:02:09 +0300
Processing by ArmstrongController#output as HTML
  Parameters: {"utf8"=>"✓", "input_string"=>"8", "commit"=>"Go!"}
  Rendering armstrong/output.html.erb
  Rendered armstrong/output.html.erb (0.0ms)
Completed 200 OK in 71ms (Views: 45.4ms)


Started GET "/armstrong/input" for 127.0.0.1 at 2017-12-05 09:02:11 +0300
Processing by ArmstrongController#input as HTML
  Rendering armstrong/input.html.erb
  Rendered armstrong/input.html.erb (0.0ms)
Completed 200 OK in 53ms (Views: 43.6ms)


Started GET "/armstrong/output?utf8=%E2%9C%93&input_string=6&commit=Go%21" for 127.0.0.1 at 2017-12-05 09:02:15 +0300
Processing by ArmstrongController#output as HTML
  Parameters: {"utf8"=>"✓", "input_string"=>"6", "commit"=>"Go!"}
  Rendering armstrong/output.html.erb
  Rendered armstrong/output.html.erb (0.0ms)
Completed 200 OK in 8310ms (Views: 41.5ms)


Started GET "/armstrong/input" for 127.0.0.1 at 2017-12-05 09:02:28 +0300
Processing by ArmstrongController#input as HTML
  Rendering armstrong/input.html.erb
  Rendered armstrong/input.html.erb (0.0ms)
Completed 200 OK in 54ms (Views: 42.7ms)


Started GET "/armstrong/output?utf8=%E2%9C%93&input_string=3&commit=Go%21" for 127.0.0.1 at 2017-12-05 09:02:31 +0300
Processing by ArmstrongController#output as HTML
  Parameters: {"utf8"=>"✓", "input_string"=>"3", "commit"=>"Go!"}
  Rendering armstrong/output.html.erb
  Rendered armstrong/output.html.erb (0.0ms)
Completed 200 OK in 68ms (Views: 49.6ms)


Started GET "/armstrong/input" for 127.0.0.1 at 2017-12-05 09:03:57 +0300
Processing by ArmstrongController#input as HTML
  Rendering armstrong/input.html.erb
  Rendered armstrong/input.html.erb (4.0ms)
Completed 200 OK in 148ms (Views: 112.7ms)


Started GET "/armstrong/output?utf8=%E2%9C%93&input_string=4&commit=Go%21" for 127.0.0.1 at 2017-12-05 09:03:59 +0300
Processing by ArmstrongController#output as HTML
  Parameters: {"utf8"=>"✓", "input_string"=>"4", "commit"=>"Go!"}
  Rendering armstrong/output.html.erb
  Rendered armstrong/output.html.erb (0.0ms)
Completed 200 OK in 114ms (Views: 36.8ms)


Started GET "/armstrong/input" for 127.0.0.1 at 2017-12-05 09:04:41 +0300
Processing by ArmstrongController#input as HTML
  Rendering armstrong/input.html.erb
  Rendered armstrong/input.html.erb (0.0ms)
Completed 200 OK in 60ms (Views: 49.4ms)


Started GET "/armstrong/output?utf8=%E2%9C%93&input_string=%D0%B2%D1%8B%D0%B0%D1%80%D0%B2%D0%B0%D1%80&commit=Go%21" for 127.0.0.1 at 2017-12-05 09:04:43 +0300
Processing by ArmstrongController#output as HTML
  Parameters: {"utf8"=>"✓", "input_string"=>"выарвар", "commit"=>"Go!"}
  Rendering armstrong/output.html.erb
  Rendered armstrong/output.html.erb (4.0ms)
Completed 200 OK in 56ms (Views: 44.1ms)


Started GET "/armstrong/input" for 127.0.0.1 at 2017-12-05 09:04:46 +0300
Processing by ArmstrongController#input as HTML
  Rendering armstrong/input.html.erb
  Rendered armstrong/input.html.erb (4.0ms)
Completed 200 OK in 56ms (Views: 46.8ms)


Started GET "/armstrong/output?utf8=%E2%9C%93&input_string=4+5+6+7+8&commit=Go%21" for 127.0.0.1 at 2017-12-05 09:04:52 +0300
Processing by ArmstrongController#output as HTML
  Parameters: {"utf8"=>"✓", "input_string"=>"4 5 6 7 8", "commit"=>"Go!"}
  Rendering armstrong/output.html.erb
  Rendered armstrong/output.html.erb (0.0ms)
Completed 200 OK in 121ms (Views: 45.0ms)


Started GET "/armstrong/input" for 127.0.0.1 at 2017-12-05 09:04:54 +0300
Processing by ArmstrongController#input as HTML
  Rendering armstrong/input.html.erb
  Rendered armstrong/input.html.erb (0.0ms)
Completed 200 OK in 55ms (Views: 40.6ms)


Started GET "/armstrong/input" for 127.0.0.1 at 2017-12-05 09:18:11 +0300
Processing by ArmstrongController#input as HTML
  Rendering armstrong/input.html.erb
  Rendered armstrong/input.html.erb (4.0ms)
Completed 200 OK in 77ms (Views: 48.9ms)


Started GET "/armstrong/output?utf8=%E2%9C%93&input_string=1&commit=Go%21" for 127.0.0.1 at 2017-12-05 09:18:14 +0300
Processing by ArmstrongController#output as HTML
  Parameters: {"utf8"=>"✓", "input_string"=>"1", "commit"=>"Go!"}
  Rendering armstrong/output.html.erb
  Rendered armstrong/output.html.erb (1.0ms)
Completed 200 OK in 64ms (Views: 50.1ms)


Started GET "/armstrong/input" for 127.0.0.1 at 2017-12-05 09:18:16 +0300
Processing by ArmstrongController#input as HTML
  Rendering armstrong/input.html.erb
  Rendered armstrong/input.html.erb (1.0ms)
Completed 200 OK in 61ms (Views: 48.7ms)


Started GET "/armstrong/input" for 127.0.0.1 at 2017-12-05 09:27:11 +0300
Processing by ArmstrongController#input as HTML
  Rendering armstrong/input.html.erb
  Rendered armstrong/input.html.erb (4.0ms)
Completed 200 OK in 292ms (Views: 48.1ms)


Started GET "/" for 127.0.0.1 at 2017-12-05 09:27:19 +0300
Processing by ArmstrongController#input as HTML
  Rendering armstrong/input.html.erb
  Rendered armstrong/input.html.erb (0.0ms)
Completed 200 OK in 60ms (Views: 46.9ms)


Started GET "/armstrong/output?utf8=%E2%9C%93&input_string=3&commit=Go%21" for 127.0.0.1 at 2017-12-05 09:34:35 +0300
Processing by ArmstrongController#output as HTML
  Parameters: {"utf8"=>"✓", "input_string"=>"3", "commit"=>"Go!"}
  Rendering armstrong/output.html.erb
  Rendered armstrong/output.html.erb (0.0ms)
Completed 200 OK in 84ms (Views: 43.5ms)


Started GET "/armstrong/input" for 127.0.0.1 at 2017-12-05 09:43:45 +0300
Processing by ArmstrongController#input as HTML
  Rendering armstrong/input.html.erb
  Rendered armstrong/input.html.erb (0.0ms)
Completed 200 OK in 97ms (Views: 74.6ms)


Started GET "/armstrong/output?utf8=%E2%9C%93&input_string=3&commit=Go%21" for 127.0.0.1 at 2017-12-05 09:43:51 +0300
Processing by ArmstrongController#output as HTML
  Parameters: {"utf8"=>"✓", "input_string"=>"3", "commit"=>"Go!"}
  Rendering armstrong/output.html.erb
  Rendered armstrong/output.html.erb (0.0ms)
Completed 200 OK in 63ms (Views: 47.5ms)


Started GET "/armstrong/output?utf8=%E2%9C%93&input_string=3&commit=Go%21" for 127.0.0.1 at 2017-12-05 09:50:57 +0300
Processing by ArmstrongController#output as HTML
  Parameters: {"utf8"=>"✓", "input_string"=>"3", "commit"=>"Go!"}
Completed 500 Internal Server Error in 4ms


  
NoMethodError (undefined method `empty?' for 153:Fixnum):
  
app/controllers/armstrong_controller.rb:19:in `output'
Started GET "/armstrong/output?utf8=%E2%9C%93&input_string=3&commit=Go%21" for 127.0.0.1 at 2017-12-05 09:51:31 +0300
Processing by ArmstrongController#output as HTML
  Parameters: {"utf8"=>"✓", "input_string"=>"3", "commit"=>"Go!"}
  Rendering armstrong/output.html.erb
  Rendered armstrong/output.html.erb (1.0ms)
Completed 200 OK in 68ms (Views: 50.5ms)


Started GET "/armstrong/output?utf8=%E2%9C%93&input_string=3&commit=Go%21" for 127.0.0.1 at 2017-12-05 09:51:53 +0300
Processing by ArmstrongController#output as HTML
  Parameters: {"utf8"=>"✓", "input_string"=>"3", "commit"=>"Go!"}
Completed 500 Internal Server Error in 5ms


  
NoMethodError (undefined method `join' for 153:Fixnum
Did you mean?  JSON):
  
app/controllers/armstrong_controller.rb:20:in `output'
Started GET "/armstrong/output?utf8=%E2%9C%93&input_string=3&commit=Go%21" for 127.0.0.1 at 2017-12-05 09:52:09 +0300
Processing by ArmstrongController#output as HTML
  Parameters: {"utf8"=>"✓", "input_string"=>"3", "commit"=>"Go!"}
  Rendering armstrong/output.html.erb
  Rendered armstrong/output.html.erb (20.0ms)
Completed 500 Internal Server Error in 106ms


  
ActionView::Template::Error (undefined method `split' for 153:Fixnum):
     7: 			<td> Номер числа </td>
     8: 			<td> Число армстронга </td>
     9: 		</tr>
    10: 		<% @result.split(' ').each_with_index do |i, m|  %>
    11: 		<tr>
    12: 			<td> <%= m + 1 %> </td>
    13: 			<td> <%= i %> </td>
  
app/views/armstrong/output.html.erb:10:in `_app_views_armstrong_output_html_erb__364792044_46749348'
Started GET "/armstrong/output?utf8=%E2%9C%93&input_string=3&commit=Go%21" for 127.0.0.1 at 2017-12-05 09:52:24 +0300
Processing by ArmstrongController#output as HTML
  Parameters: {"utf8"=>"✓", "input_string"=>"3", "commit"=>"Go!"}
  Rendering armstrong/output.html.erb
  Rendered armstrong/output.html.erb (4.0ms)
Completed 200 OK in 64ms (Views: 52.6ms)


Started GET "/armstrong/output?utf8=%E2%9C%93&input_string=3&commit=Go%21" for 127.0.0.1 at 2017-12-05 09:52:34 +0300
Processing by ArmstrongController#output as HTML
  Parameters: {"utf8"=>"✓", "input_string"=>"3", "commit"=>"Go!"}
Completed 500 Internal Server Error in 4ms


  
NoMethodError (undefined method `join' for "153":String
Did you mean?  JSON):
  
app/controllers/armstrong_controller.rb:20:in `output'
Started GET "/armstrong/output?utf8=%E2%9C%93&input_string=3&commit=Go%21" for 127.0.0.1 at 2017-12-05 09:53:10 +0300
Processing by ArmstrongController#output as HTML
  Parameters: {"utf8"=>"✓", "input_string"=>"3", "commit"=>"Go!"}
  Rendering armstrong/output.html.erb
  Rendered armstrong/output.html.erb (16.0ms)
Completed 500 Internal Server Error in 69ms


  
ActionView::Template::Error (undefined method `each_with_index' for 153:Fixnum):
     7: 			<td> Номер числа </td>
     8: 			<td> Число армстронга </td>
     9: 		</tr>
    10: 		<% @result.each_with_index do |i, m|  %>
    11: 		<tr>
    12: 			<td> <%= m + 1 %> </td>
    13: 			<td> <%= i %> </td>
  
app/views/armstrong/output.html.erb:10:in `_app_views_armstrong_output_html_erb__364792044_46683408'
Started GET "/armstrong/output?utf8=%E2%9C%93&input_string=3&commit=Go%21" for 127.0.0.1 at 2017-12-05 09:53:52 +0300
Processing by ArmstrongController#output as HTML
  Parameters: {"utf8"=>"✓", "input_string"=>"3", "commit"=>"Go!"}
  Rendering armstrong/output.html.erb
  Rendered armstrong/output.html.erb (0.0ms)
Completed 200 OK in 56ms (Views: 43.0ms)


Started GET "/armstrong/output?utf8=%E2%9C%93&input_string=2&commit=Go%21" for 127.0.0.1 at 2017-12-05 09:53:58 +0300
Processing by ArmstrongController#output as HTML
  Parameters: {"utf8"=>"✓", "input_string"=>"2", "commit"=>"Go!"}
  Rendering armstrong/output.html.erb
  Rendered armstrong/output.html.erb (0.0ms)
Completed 200 OK in 59ms (Views: 47.8ms)


Started GET "/armstrong/output?utf8=%E2%9C%93&input_string=3&commit=Go%21" for 127.0.0.1 at 2017-12-05 09:54:04 +0300
Processing by ArmstrongController#output as HTML
  Parameters: {"utf8"=>"✓", "input_string"=>"3", "commit"=>"Go!"}
  Rendering armstrong/output.html.erb
  Rendered armstrong/output.html.erb (0.0ms)
Completed 200 OK in 62ms (Views: 47.9ms)


Started GET "/armstrong/output?utf8=%E2%9C%93&input_string=2&commit=Go%21" for 127.0.0.1 at 2017-12-05 09:54:16 +0300
Processing by ArmstrongController#output as HTML
  Parameters: {"utf8"=>"✓", "input_string"=>"2", "commit"=>"Go!"}
  Rendering armstrong/output.html.erb
  Rendered armstrong/output.html.erb (4.0ms)
Completed 200 OK in 63ms (Views: 51.3ms)


Started GET "/armstrong/output?utf8=%E2%9C%93&input_string=2&commit=Go%21" for 127.0.0.1 at 2017-12-05 09:55:02 +0300
Processing by ArmstrongController#output as HTML
  Parameters: {"utf8"=>"✓", "input_string"=>"2", "commit"=>"Go!"}
  Rendering armstrong/output.html.erb
  Rendered armstrong/output.html.erb (0.0ms)
Completed 200 OK in 88ms (Views: 66.7ms)


Started GET "/" for 127.0.0.1 at 2017-12-05 09:55:08 +0300
Processing by ArmstrongController#input as HTML
  Rendering armstrong/input.html.erb
  Rendered armstrong/input.html.erb (4.0ms)
Completed 200 OK in 64ms (Views: 50.1ms)


Started GET "/armstrong/output?utf8=%E2%9C%93&input_string=3&commit=Go%21" for 127.0.0.1 at 2017-12-05 09:55:13 +0300
Processing by ArmstrongController#output as HTML
  Parameters: {"utf8"=>"✓", "input_string"=>"3", "commit"=>"Go!"}
  Rendering armstrong/output.html.erb
  Rendered armstrong/output.html.erb (0.0ms)
Completed 200 OK in 60ms (Views: 46.3ms)


Started GET "/armstrong/output?utf8=%E2%9C%93&input_string=3&commit=Go%21" for 127.0.0.1 at 2017-12-05 09:56:34 +0300
Processing by ArmstrongController#output as HTML
  Parameters: {"utf8"=>"✓", "input_string"=>"3", "commit"=>"Go!"}
  Rendering armstrong/output.html.erb
  Rendered armstrong/output.html.erb (0.0ms)
Completed 200 OK in 312ms (Views: 51.3ms)


Started GET "/" for 127.0.0.1 at 2017-12-10 15:09:06 +0300
Processing by ArmstrongController#input as HTML
  Rendering armstrong/input.html.erb
  Rendered armstrong/input.html.erb (12.0ms)
Completed 200 OK in 874ms (Views: 75.3ms)


Started GET "/armstrong/output?utf8=%E2%9C%93&input_string=3&commit=Go%21" for 127.0.0.1 at 2017-12-10 15:09:14 +0300
Processing by ArmstrongController#output as HTML
  Parameters: {"utf8"=>"✓", "input_string"=>"3", "commit"=>"Go!"}
  Rendering armstrong/output.html.erb
  Rendered armstrong/output.html.erb (0.0ms)
Completed 200 OK in 82ms (Views: 51.1ms)


Started GET "/armstrong/output?utf8=%E2%9C%93&input_string=3&commit=Go%21" for 127.0.0.1 at 2017-12-10 15:10:00 +0300
Processing by ArmstrongController#output as HTML
  Parameters: {"utf8"=>"✓", "input_string"=>"3", "commit"=>"Go!"}
  Rendering armstrong/output.html.erb
  Rendered armstrong/output.html.erb (0.0ms)
Completed 200 OK in 97ms (Views: 68.1ms)


Started GET "/armstrong/input" for 127.0.0.1 at 2017-12-10 15:10:02 +0300
Processing by ArmstrongController#input as HTML
  Rendering armstrong/input.html.erb
  Rendered armstrong/input.html.erb (0.0ms)
Completed 200 OK in 60ms (Views: 49.4ms)


Started GET "/armstrong/output?utf8=%E2%9C%93&input_string=5&commit=Go%21" for 127.0.0.1 at 2017-12-10 15:10:26 +0300
Processing by ArmstrongController#output as HTML
  Parameters: {"utf8"=>"✓", "input_string"=>"5", "commit"=>"Go!"}
  Rendering armstrong/output.html.erb
  Rendered armstrong/output.html.erb (0.0ms)
Completed 200 OK in 547ms (Views: 47.7ms)


Started GET "/armstrong/output?utf8=%E2%9C%93&input_string=7&commit=Go%21" for 127.0.0.1 at 2017-12-10 15:11:31 +0300
Processing by ArmstrongController#output as HTML
  Parameters: {"utf8"=>"✓", "input_string"=>"7", "commit"=>"Go!"}
  Rendering armstrong/output.html.erb
  Rendered armstrong/output.html.erb (4.0ms)
Completed 200 OK in 56483ms (Views: 47.5ms)


Started GET "/" for 127.0.0.1 at 2017-12-23 18:15:11 +0300
Processing by ArmstrongController#input as HTML
  Rendering armstrong/input.html.erb
  Rendered armstrong/input.html.erb (7.0ms)
Completed 200 OK in 772ms (Views: 61.8ms)


Started GET "/armstrong/output?utf8=%E2%9C%93&input_string=4&commit=Go%21" for 127.0.0.1 at 2017-12-23 18:16:27 +0300
Processing by ArmstrongController#output as HTML
  Parameters: {"utf8"=>"✓", "input_string"=>"4", "commit"=>"Go!"}
  Rendering armstrong/output.html.erb
  Rendered armstrong/output.html.erb (1.0ms)
Completed 200 OK in 91ms (Views: 40.9ms)


Started GET "/armstrong/output?utf8=%E2%9C%93&input_string=4&commit=Go%21" for 127.0.0.1 at 2017-12-23 18:17:04 +0300
Processing by ArmstrongController#output as HTML
  Parameters: {"utf8"=>"✓", "input_string"=>"4", "commit"=>"Go!"}
  Rendering armstrong/output.html.erb
  Rendered armstrong/output.html.erb (1.0ms)
Completed 200 OK in 91ms (Views: 44.2ms)


Started GET "/armstrong/output?utf8=%E2%9C%93&input_string=8&commit=Go%21" for 127.0.0.1 at 2017-12-23 18:20:12 +0300
Processing by ArmstrongController#output as HTML
  Parameters: {"utf8"=>"✓", "input_string"=>"8", "commit"=>"Go!"}
